<?xml version="1.0" encoding="UTF-8"?>
<!-- Tests compiled with Criterion v2.3.2 -->
<testsuites name="Criterion Tests" tests="7" failures="4" errors="0" disabled="0">
  <testsuite name="logger_setpath" tests="1" failures="0" errors="0" disabled="0" skipped="0" time="0.000">
    <testcase name="unknown_file_ctor" assertions="0" status="PASSED" time="0.000">
    </testcase>
  </testsuite>
  <testsuite name="logger_getConfig" tests="4" failures="4" errors="0" disabled="0" skipped="0" time="0.001">
    <testcase name="info_log_stdout" assertions="1" status="FAILED" time="0.000">
      <failure type="assert" message="1 assertion(s) failed.">./tests/LoggerTests.cpp:48: The file contents of stdout does not match the string "[INFO] - Test&#10;        ".&#10;</failure>
    </testcase>
    <testcase name="info_log_file" assertions="1" status="FAILED" time="0.000">
      <failure type="assert" message="1 assertion(s) failed.">./tests/LoggerTests.cpp:71: The expression (as strings) (line.c_str()) == ("[INFO] - Test") is false: actual=`2019-04-28 16:44:21 [INFO] - Test` expected=`[INFO] - Test`.&#10;</failure>
    </testcase>
    <testcase name="important_log_stdout" assertions="1" status="FAILED" time="0.000">
      <failure type="assert" message="1 assertion(s) failed.">./tests/LoggerTests.cpp:39: The file contents of stdout does not match the string "[IMPORTANT] - Test&#10;        ".&#10;</failure>
    </testcase>
    <testcase name="important_log_file" assertions="1" status="FAILED" time="0.000">
      <failure type="assert" message="1 assertion(s) failed.">./tests/LoggerTests.cpp:59: The expression (as strings) (line.c_str()) == ("[IMPORTANT] - Test") is false: actual=`2019-04-28 16:44:21 [IMPORTANT] - Test` expected=`[IMPORTANT] - Test`.&#10;</failure>
    </testcase>
  </testsuite>
  <testsuite name="logger_constructor" tests="2" failures="0" errors="0" disabled="0" skipped="0" time="0.000">
    <testcase name="param_ctor" assertions="0" status="PASSED" time="0.000">
    </testcase>
    <testcase name="default_ctor" assertions="0" status="PASSED" time="0.000">
    </testcase>
  </testsuite>
</testsuites>
