<?xml version="1.0" encoding="UTF-8"?>
<!-- Tests compiled with Criterion v2.3.2 -->
<<<<<<< HEAD
<testsuites name="Criterion Tests" tests="4" failures="0" errors="0" disabled="0">
  <testsuite name="msg_queue_generate_key" tests="1" failures="0" errors="0" disabled="0" skipped="0" time="0.000">
    <testcase name="valid_key" assertions="1" status="PASSED" time="0.000">
    </testcase>
  </testsuite>
  <testsuite name="msg_queue_create_queue" tests="3" failures="0" errors="0" disabled="0" skipped="0" time="0.001">
    <testcase name="check_send" assertions="3" status="PASSED" time="0.000">
    </testcase>
    <testcase name="check_receive" assertions="3" status="PASSED" time="0.000">
=======
<testsuites name="Criterion Tests" tests="10" failures="4" errors="4" disabled="0">
  <testsuite name="msg_queue_read_queue" tests="4" failures="0" errors="0" disabled="0" skipped="0" time="0.011">
    <testcase name="check_shell" assertions="3" status="PASSED" time="0.000">
    </testcase>
    <testcase name="check_resp" assertions="3" status="PASSED" time="0.004">
    </testcase>
    <testcase name="check_error" assertions="3" status="PASSED" time="0.005">
    </testcase>
    <testcase name="check_cmd" assertions="3" status="PASSED" time="0.001">
    </testcase>
  </testsuite>
  <testsuite name="msg_queue_generate_key" tests="1" failures="0" errors="0" disabled="0" skipped="0" time="0.000">
    <testcase name="valid_key" assertions="1" status="PASSED" time="0.000">
>>>>>>> 974d62c6773e25a5455b2d024a4665474f4bbe1e
    </testcase>
  </testsuite>
  <testsuite name="msg_queue_failed_read_queue" tests="4" failures="4" errors="4" disabled="0" skipped="0" time="0.000">
    <testcase name="check_shell" assertions="0" status="ERRORED" time="0.000">
      <error type="crash" message="The test crashed." />    </testcase>
    <testcase name="check_resp" assertions="0" status="ERRORED" time="0.000">
      <error type="crash" message="The test crashed." />    </testcase>
    <testcase name="check_error" assertions="0" status="ERRORED" time="0.000">
      <error type="crash" message="The test crashed." />    </testcase>
    <testcase name="check_cmd" assertions="0" status="ERRORED" time="0.000">
      <error type="crash" message="The test crashed." />    </testcase>
  </testsuite>
  <testsuite name="msg_queue_create_queue" tests="1" failures="0" errors="0" disabled="0" skipped="0" time="0.000">
    <testcase name="check_creation" assertions="0" status="PASSED" time="0.000">
    </testcase>
  </testsuite>
</testsuites>
